[debug] [2025-04-02T02:42:42.636Z] ----------------------------------------------------------------------
[debug] [2025-04-02T02:42:42.638Z] Command:       C:\Program Files\nodejs\node.exe C:\Users\croze\AppData\Roaming\npm\node_modules\firebase-tools\lib\bin\firebase.js init functions
[debug] [2025-04-02T02:42:42.638Z] CLI Version:   14.0.1
[debug] [2025-04-02T02:42:42.638Z] Platform:      win32
[debug] [2025-04-02T02:42:42.638Z] Node Version:  v22.14.0
[debug] [2025-04-02T02:42:42.639Z] Time:          Wed Apr 02 2025 11:42:42 GMT+0900 (대한민국 표준시)
[debug] [2025-04-02T02:42:42.639Z] ----------------------------------------------------------------------
[debug] 
[debug] [2025-04-02T02:42:42.748Z] > command requires scopes: ["email","openid","https://www.googleapis.com/auth/cloudplatformprojects.readonly","https://www.googleapis.com/auth/firebase","https://www.googleapis.com/auth/cloud-platform"]
[debug] [2025-04-02T02:42:42.748Z] > authorizing via signed-in user (wjm0984@gmail.com)
[info] 
     ######## #### ########  ######## ########     ###     ######  ########
     ##        ##  ##     ## ##       ##     ##  ##   ##  ##       ##
     ######    ##  ########  ######   ########  #########  ######  ######
     ##        ##  ##    ##  ##       ##     ## ##     ##       ## ##
     ##       #### ##     ## ######## ########  ##     ##  ######  ########

You're about to initialize a Firebase project in this directory:

  D:\Rozeh\ar-shadcn-rsm

Before we get started, keep in mind:

  * You are initializing within an existing Firebase project directory

